C:\Users\Hakan ORHAN\Desktop\DotnetTest\Properties\launchSettings.json içindeki başlatma ayarları kullanılıyor...
Derleniyor...
info: Microsoft.Hosting.Lifetime[14]
      Now listening on: http://localhost:5099
info: Microsoft.Hosting.Lifetime[0]
      Application started. Press Ctrl+C to shut down.
info: Microsoft.Hosting.Lifetime[0]
      Hosting environment: Development
info: Microsoft.Hosting.Lifetime[0]
      Content root path: C:\Users\Hakan ORHAN\Desktop\DotnetTest
warn: Microsoft.AspNetCore.HttpsPolicy.HttpsRedirectionMiddleware[3]
      Failed to determine the https port for redirect.
info: Microsoft.EntityFrameworkCore.Database.Command[20101]
      Executed DbCommand (20ms) [Parameters=[], CommandType='Text', CommandTimeout='30']
      SELECT "c"."Id", "c"."Name", "p"."Id", "p"."CategoryId", "p"."Description", "p"."ImageUrl", "p"."Name", "p"."Price", "p"."Stock"
      FROM "Categories" AS "c"
      LEFT JOIN "Products" AS "p" ON "c"."Id" = "p"."CategoryId"
      ORDER BY "c"."Id"
info: Microsoft.EntityFrameworkCore.Database.Command[20101]
      Executed DbCommand (3ms) [Parameters=[@id='?' (DbType = Int32)], CommandType='Text', CommandTimeout='30']
      SELECT "c0"."Id", "c0"."Name", "p"."Id", "p"."CategoryId", "p"."Description", "p"."ImageUrl", "p"."Name", "p"."Price", "p"."Stock"
      FROM (
          SELECT "c"."Id", "c"."Name"
          FROM "Categories" AS "c"
          WHERE "c"."Id" = @id
          LIMIT 1
      ) AS "c0"
      LEFT JOIN "Products" AS "p" ON "c0"."Id" = "p"."CategoryId"
      ORDER BY "c0"."Id"
info: Microsoft.EntityFrameworkCore.Database.Command[20101]
      Executed DbCommand (0ms) [Parameters=[@id='?' (DbType = Int32)], CommandType='Text', CommandTimeout='30']
      SELECT "p"."Id", "p"."CategoryId", "p"."Description", "p"."ImageUrl", "p"."Name", "p"."Price", "p"."Stock", "c"."Id", "c"."Name"
      FROM "Products" AS "p"
      INNER JOIN "Categories" AS "c" ON "p"."CategoryId" = "c"."Id"
      WHERE "p"."Id" = @id
      LIMIT 1
info: Microsoft.EntityFrameworkCore.Database.Command[20101]
      Executed DbCommand (0ms) [Parameters=[], CommandType='Text', CommandTimeout='30']
      SELECT COUNT(*)
      FROM "Categories" AS "c"
info: Microsoft.EntityFrameworkCore.Database.Command[20101]
      Executed DbCommand (0ms) [Parameters=[], CommandType='Text', CommandTimeout='30']
      SELECT "c"."Id", "c"."Name"
      FROM "Categories" AS "c"
info: Microsoft.EntityFrameworkCore.Database.Command[20101]
      Executed DbCommand (2ms) [Parameters=[@searchText='?' (Size = 7)], CommandType='Text', CommandTimeout='30']
      SELECT "p"."Id", "p"."CategoryId", "p"."Description", "p"."ImageUrl", "p"."Name", "p"."Price", "p"."Stock", "c"."Id", "c"."Name"
      FROM "Products" AS "p"
      INNER JOIN "Categories" AS "c" ON "p"."CategoryId" = "c"."Id"
      WHERE instr(lower("p"."Name"), @searchText) > 0 OR instr(lower("p"."Description"), @searchText) > 0 OR instr(lower("c"."Name"), @searchText) > 0
info: Microsoft.EntityFrameworkCore.Database.Command[20101]
      Executed DbCommand (0ms) [Parameters=[@id='?' (DbType = Int32)], CommandType='Text', CommandTimeout='30']
      SELECT "p"."Id", "p"."CategoryId", "p"."Description", "p"."ImageUrl", "p"."Name", "p"."Price", "p"."Stock", "c"."Id", "c"."Name"
      FROM "Products" AS "p"
      INNER JOIN "Categories" AS "c" ON "p"."CategoryId" = "c"."Id"
      WHERE "p"."Id" = @id
      LIMIT 1
info: Microsoft.EntityFrameworkCore.Database.Command[20101]
      Executed DbCommand (0ms) [Parameters=[@email='?' (Size = 21), @model_Password='?' (Size = 5)], CommandType='Text', CommandTimeout='30']
      SELECT "a"."Id", "a"."Address", "a"."Email", "a"."FullName", "a"."Password", "a"."Phone", "a"."Role", "a"."UserName"
      FROM "AppUsers" AS "a"
      WHERE (lower("a"."Email") = @email OR lower("a"."UserName") = @email) AND "a"."Password" = @model_Password
      LIMIT 1
info: Microsoft.EntityFrameworkCore.Database.Command[20101]
      Executed DbCommand (0ms) [Parameters=[], CommandType='Text', CommandTimeout='30']
      SELECT COUNT(*)
      FROM "Categories" AS "c"
info: Microsoft.EntityFrameworkCore.Database.Command[20101]
      Executed DbCommand (0ms) [Parameters=[], CommandType='Text', CommandTimeout='30']
      SELECT "c"."Id", "c"."Name"
      FROM "Categories" AS "c"
info: Microsoft.EntityFrameworkCore.Database.Command[20101]
      Executed DbCommand (0ms) [Parameters=[], CommandType='Text', CommandTimeout='30']
      SELECT "p"."Id", "p"."CategoryId", "p"."Description", "p"."ImageUrl", "p"."Name", "p"."Price", "p"."Stock", "c"."Id", "c"."Name"
      FROM "Products" AS "p"
      INNER JOIN "Categories" AS "c" ON "p"."CategoryId" = "c"."Id"
info: Microsoft.EntityFrameworkCore.Database.Command[20101]
      Executed DbCommand (0ms) [Parameters=[], CommandType='Text', CommandTimeout='30']
      SELECT COUNT(*)
      FROM "Categories" AS "c"
info: Microsoft.EntityFrameworkCore.Database.Command[20101]
      Executed DbCommand (0ms) [Parameters=[], CommandType='Text', CommandTimeout='30']
      SELECT "c"."Id", "c"."Name"
      FROM "Categories" AS "c"
info: Microsoft.EntityFrameworkCore.Database.Command[20101]
      Executed DbCommand (0ms) [Parameters=[@searchText='?' (Size = 7)], CommandType='Text', CommandTimeout='30']
      SELECT "p"."Id", "p"."CategoryId", "p"."Description", "p"."ImageUrl", "p"."Name", "p"."Price", "p"."Stock", "c"."Id", "c"."Name"
      FROM "Products" AS "p"
      INNER JOIN "Categories" AS "c" ON "p"."CategoryId" = "c"."Id"
      WHERE instr(lower("p"."Name"), @searchText) > 0 OR instr(lower("p"."Description"), @searchText) > 0 OR instr(lower("c"."Name"), @searchText) > 0
info: Microsoft.EntityFrameworkCore.Database.Command[20101]
      Executed DbCommand (0ms) [Parameters=[@id='?' (DbType = Int32)], CommandType='Text', CommandTimeout='30']
      SELECT "p"."Id", "p"."CategoryId", "p"."Description", "p"."ImageUrl", "p"."Name", "p"."Price", "p"."Stock", "c"."Id", "c"."Name"
      FROM "Products" AS "p"
      INNER JOIN "Categories" AS "c" ON "p"."CategoryId" = "c"."Id"
      WHERE "p"."Id" = @id
      LIMIT 1
info: Microsoft.EntityFrameworkCore.Database.Command[20101]
      Executed DbCommand (0ms) [Parameters=[], CommandType='Text', CommandTimeout='30']
      SELECT COUNT(*)
      FROM "Categories" AS "c"
info: Microsoft.EntityFrameworkCore.Database.Command[20101]
      Executed DbCommand (0ms) [Parameters=[], CommandType='Text', CommandTimeout='30']
      SELECT "c"."Id", "c"."Name"
      FROM "Categories" AS "c"
info: Microsoft.EntityFrameworkCore.Database.Command[20101]
      Executed DbCommand (0ms) [Parameters=[], CommandType='Text', CommandTimeout='30']
      SELECT "p"."Id", "p"."CategoryId", "p"."Description", "p"."ImageUrl", "p"."Name", "p"."Price", "p"."Stock", "c"."Id", "c"."Name"
      FROM "Products" AS "p"
      INNER JOIN "Categories" AS "c" ON "p"."CategoryId" = "c"."Id"
info: Microsoft.EntityFrameworkCore.Database.Command[20101]
      Executed DbCommand (0ms) [Parameters=[@id='?' (DbType = Int32)], CommandType='Text', CommandTimeout='30']
      SELECT "p"."Id", "p"."CategoryId", "p"."Description", "p"."ImageUrl", "p"."Name", "p"."Price", "p"."Stock", "c"."Id", "c"."Name"
      FROM "Products" AS "p"
      INNER JOIN "Categories" AS "c" ON "p"."CategoryId" = "c"."Id"
      WHERE "p"."Id" = @id
      LIMIT 1
warn: Microsoft.EntityFrameworkCore.Query[20504]
      Compiling a query which loads related collections for more than one collection navigation, either via 'Include' or through projection, but no 'QuerySplittingBehavior' has been configured. By default, Entity Framework will use 'QuerySplittingBehavior.SingleQuery', which can potentially result in slow query performance. See https://go.microsoft.com/fwlink/?linkid=2134277 for more information. To identify the query that's triggering this warning call 'ConfigureWarnings(w => w.Throw(RelationalEventId.MultipleCollectionIncludeWarning))'.
info: Microsoft.EntityFrameworkCore.Database.Command[20101]
      Executed DbCommand (0ms) [Parameters=[@userId='?' (DbType = Int32)], CommandType='Text', CommandTimeout='30']
      SELECT "a0"."Id", "a0"."Address", "a0"."Email", "a0"."FullName", "a0"."Password", "a0"."Phone", "a0"."Role", "a0"."UserName", "s0"."Id", "s0"."AppUserId", "s0"."OrderDate", "s0"."TotalPrice", "s0"."Id0", "s0"."OrderId", "s0"."Price", "s0"."ProductId", "s0"."Quantity", "s0"."Id00", "s0"."CategoryId", "s0"."Description", "s0"."ImageUrl", "s0"."Name", "s0"."Price0", "s0"."Stock"
      FROM (
          SELECT "a"."Id", "a"."Address", "a"."Email", "a"."FullName", "a"."Password", "a"."Phone", "a"."Role", "a"."UserName"
          FROM "AppUsers" AS "a"
          WHERE "a"."Id" = @userId
          LIMIT 1
      ) AS "a0"
      LEFT JOIN (
          SELECT "o"."Id", "o"."AppUserId", "o"."OrderDate", "o"."TotalPrice", "s"."Id" AS "Id0", "s"."OrderId", "s"."Price", "s"."ProductId", "s"."Quantity", "s"."Id0" AS "Id00", "s"."CategoryId", "s"."Description", "s"."ImageUrl", "s"."Name", "s"."Price0", "s"."Stock"
          FROM "Orders" AS "o"
          LEFT JOIN (
              SELECT "o0"."Id", "o0"."OrderId", "o0"."Price", "o0"."ProductId", "o0"."Quantity", "p"."Id" AS "Id0", "p"."CategoryId", "p"."Description", "p"."ImageUrl", "p"."Name", "p"."Price" AS "Price0", "p"."Stock"
              FROM "OrderItems" AS "o0"
              INNER JOIN "Products" AS "p" ON "o0"."ProductId" = "p"."Id"
          ) AS "s" ON "o"."Id" = "s"."OrderId"
      ) AS "s0" ON "a0"."Id" = "s0"."AppUserId"
      ORDER BY "a0"."Id", "s0"."Id", "s0"."Id0"
info: Microsoft.EntityFrameworkCore.Database.Command[20101]
      Executed DbCommand (0ms) [Parameters=[@email='?' (Size = 21), @model_Password='?' (Size = 5)], CommandType='Text', CommandTimeout='30']
      SELECT "a"."Id", "a"."Address", "a"."Email", "a"."FullName", "a"."Password", "a"."Phone", "a"."Role", "a"."UserName"
      FROM "AppUsers" AS "a"
      WHERE (lower("a"."Email") = @email OR lower("a"."UserName") = @email) AND "a"."Password" = @model_Password
      LIMIT 1
info: Microsoft.EntityFrameworkCore.Database.Command[20101]
      Executed DbCommand (0ms) [Parameters=[], CommandType='Text', CommandTimeout='30']
      SELECT COUNT(*)
      FROM "Categories" AS "c"
info: Microsoft.EntityFrameworkCore.Database.Command[20101]
      Executed DbCommand (0ms) [Parameters=[], CommandType='Text', CommandTimeout='30']
      SELECT "c"."Id", "c"."Name"
      FROM "Categories" AS "c"
info: Microsoft.EntityFrameworkCore.Database.Command[20101]
      Executed DbCommand (0ms) [Parameters=[], CommandType='Text', CommandTimeout='30']
      SELECT "p"."Id", "p"."CategoryId", "p"."Description", "p"."ImageUrl", "p"."Name", "p"."Price", "p"."Stock", "c"."Id", "c"."Name"
      FROM "Products" AS "p"
      INNER JOIN "Categories" AS "c" ON "p"."CategoryId" = "c"."Id"
info: Microsoft.EntityFrameworkCore.Database.Command[20101]
      Executed DbCommand (0ms) [Parameters=[], CommandType='Text', CommandTimeout='30']
      SELECT COUNT(*)
      FROM "Categories" AS "c"
info: Microsoft.EntityFrameworkCore.Database.Command[20101]
      Executed DbCommand (0ms) [Parameters=[], CommandType='Text', CommandTimeout='30']
      SELECT "c"."Id", "c"."Name"
      FROM "Categories" AS "c"
info: Microsoft.EntityFrameworkCore.Database.Command[20101]
      Executed DbCommand (0ms) [Parameters=[@searchText='?' (Size = 7)], CommandType='Text', CommandTimeout='30']
      SELECT "p"."Id", "p"."CategoryId", "p"."Description", "p"."ImageUrl", "p"."Name", "p"."Price", "p"."Stock", "c"."Id", "c"."Name"
      FROM "Products" AS "p"
      INNER JOIN "Categories" AS "c" ON "p"."CategoryId" = "c"."Id"
      WHERE instr(lower("p"."Name"), @searchText) > 0 OR instr(lower("p"."Description"), @searchText) > 0 OR instr(lower("c"."Name"), @searchText) > 0
info: Microsoft.EntityFrameworkCore.Database.Command[20101]
      Executed DbCommand (0ms) [Parameters=[@p='?' (DbType = Int32)], CommandType='Text', CommandTimeout='30']
      SELECT "p"."Id", "p"."CategoryId", "p"."Description", "p"."ImageUrl", "p"."Name", "p"."Price", "p"."Stock"
      FROM "Products" AS "p"
      WHERE "p"."Id" = @p
      LIMIT 1
info: Microsoft.EntityFrameworkCore.Database.Command[20101]
      Executed DbCommand (0ms) [Parameters=[@userId='?' (DbType = Int32), @productId='?' (DbType = Int32)], CommandType='Text', CommandTimeout='30']
      SELECT "c"."Id", "c"."AppUserId", "c"."ProductId", "c"."Quantity"
      FROM "CartItems" AS "c"
      WHERE "c"."AppUserId" = @userId AND "c"."ProductId" = @productId
      LIMIT 1
info: Microsoft.EntityFrameworkCore.Database.Command[20101]
      Executed DbCommand (0ms) [Parameters=[@p0='?' (DbType = Int32), @p1='?' (DbType = Int32), @p2='?' (DbType = Int32)], CommandType='Text', CommandTimeout='30']
      INSERT INTO "CartItems" ("AppUserId", "ProductId", "Quantity")
      VALUES (@p0, @p1, @p2)
      RETURNING "Id";
info: Microsoft.EntityFrameworkCore.Database.Command[20101]
      Executed DbCommand (0ms) [Parameters=[@userId='?' (DbType = Int32)], CommandType='Text', CommandTimeout='30']
      SELECT "c"."Id", "c"."AppUserId", "c"."ProductId", "c"."Quantity", "p"."Id", "p"."CategoryId", "p"."Description", "p"."ImageUrl", "p"."Name", "p"."Price", "p"."Stock"
      FROM "CartItems" AS "c"
      INNER JOIN "Products" AS "p" ON "c"."ProductId" = "p"."Id"
      WHERE "c"."AppUserId" = @userId
info: Microsoft.EntityFrameworkCore.Database.Command[20101]
      Executed DbCommand (0ms) [Parameters=[@p='?' (DbType = Int32)], CommandType='Text', CommandTimeout='30']
      SELECT "a"."Id", "a"."Address", "a"."Email", "a"."FullName", "a"."Password", "a"."Phone", "a"."Role", "a"."UserName"
      FROM "AppUsers" AS "a"
      WHERE "a"."Id" = @p
      LIMIT 1
info: Microsoft.EntityFrameworkCore.Database.Command[20101]
      Executed DbCommand (0ms) [Parameters=[@userId='?' (DbType = Int32)], CommandType='Text', CommandTimeout='30']
      SELECT EXISTS (
          SELECT 1
          FROM "CartItems" AS "c"
          WHERE "c"."AppUserId" = @userId)
info: Microsoft.EntityFrameworkCore.Database.Command[20101]
      Executed DbCommand (0ms) [Parameters=[@userId='?' (DbType = Int32)], CommandType='Text', CommandTimeout='30']
      SELECT "c"."Id", "c"."AppUserId", "c"."ProductId", "c"."Quantity", "p"."Id", "p"."CategoryId", "p"."Description", "p"."ImageUrl", "p"."Name", "p"."Price", "p"."Stock"
      FROM "CartItems" AS "c"
      INNER JOIN "Products" AS "p" ON "c"."ProductId" = "p"."Id"
      WHERE "c"."AppUserId" = @userId
info: Microsoft.EntityFrameworkCore.Database.Command[20101]
      Executed DbCommand (0ms) [Parameters=[@userId='?' (DbType = Int32)], CommandType='Text', CommandTimeout='30']
      SELECT "a0"."Id", "a0"."Address", "a0"."Email", "a0"."FullName", "a0"."Password", "a0"."Phone", "a0"."Role", "a0"."UserName", "s0"."Id", "s0"."AppUserId", "s0"."OrderDate", "s0"."TotalPrice", "s0"."Id0", "s0"."OrderId", "s0"."Price", "s0"."ProductId", "s0"."Quantity", "s0"."Id00", "s0"."CategoryId", "s0"."Description", "s0"."ImageUrl", "s0"."Name", "s0"."Price0", "s0"."Stock"
      FROM (
          SELECT "a"."Id", "a"."Address", "a"."Email", "a"."FullName", "a"."Password", "a"."Phone", "a"."Role", "a"."UserName"
          FROM "AppUsers" AS "a"
          WHERE "a"."Id" = @userId
          LIMIT 1
      ) AS "a0"
      LEFT JOIN (
          SELECT "o"."Id", "o"."AppUserId", "o"."OrderDate", "o"."TotalPrice", "s"."Id" AS "Id0", "s"."OrderId", "s"."Price", "s"."ProductId", "s"."Quantity", "s"."Id0" AS "Id00", "s"."CategoryId", "s"."Description", "s"."ImageUrl", "s"."Name", "s"."Price0", "s"."Stock"
          FROM "Orders" AS "o"
          LEFT JOIN (
              SELECT "o0"."Id", "o0"."OrderId", "o0"."Price", "o0"."ProductId", "o0"."Quantity", "p"."Id" AS "Id0", "p"."CategoryId", "p"."Description", "p"."ImageUrl", "p"."Name", "p"."Price" AS "Price0", "p"."Stock"
              FROM "OrderItems" AS "o0"
              INNER JOIN "Products" AS "p" ON "o0"."ProductId" = "p"."Id"
          ) AS "s" ON "o"."Id" = "s"."OrderId"
      ) AS "s0" ON "a0"."Id" = "s0"."AppUserId"
      ORDER BY "a0"."Id", "s0"."Id", "s0"."Id0"
info: Microsoft.EntityFrameworkCore.Database.Command[20101]
      Executed DbCommand (0ms) [Parameters=[@userId='?' (DbType = Int32)], CommandType='Text', CommandTimeout='30']
      SELECT "c"."Id", "c"."AppUserId", "c"."ProductId", "c"."Quantity", "p"."Id", "p"."CategoryId", "p"."Description", "p"."ImageUrl", "p"."Name", "p"."Price", "p"."Stock"
      FROM "CartItems" AS "c"
      INNER JOIN "Products" AS "p" ON "c"."ProductId" = "p"."Id"
      WHERE "c"."AppUserId" = @userId
info: Microsoft.EntityFrameworkCore.Database.Command[20101]
      Executed DbCommand (0ms) [Parameters=[@p='?' (DbType = Int32)], CommandType='Text', CommandTimeout='30']
      SELECT "a"."Id", "a"."Address", "a"."Email", "a"."FullName", "a"."Password", "a"."Phone", "a"."Role", "a"."UserName"
      FROM "AppUsers" AS "a"
      WHERE "a"."Id" = @p
      LIMIT 1
info: Microsoft.EntityFrameworkCore.Database.Command[20101]
      Executed DbCommand (0ms) [Parameters=[@userId='?' (DbType = Int32)], CommandType='Text', CommandTimeout='30']
      SELECT EXISTS (
          SELECT 1
          FROM "CartItems" AS "c"
          WHERE "c"."AppUserId" = @userId)
info: Microsoft.EntityFrameworkCore.Database.Command[20101]
      Executed DbCommand (0ms) [Parameters=[@userId='?' (DbType = Int32)], CommandType='Text', CommandTimeout='30']
      SELECT "c"."Id", "c"."AppUserId", "c"."ProductId", "c"."Quantity", "p"."Id", "p"."CategoryId", "p"."Description", "p"."ImageUrl", "p"."Name", "p"."Price", "p"."Stock"
      FROM "CartItems" AS "c"
      INNER JOIN "Products" AS "p" ON "c"."ProductId" = "p"."Id"
      WHERE "c"."AppUserId" = @userId
